[2016-03-25 23:39:41] development.ERROR: exception 'PDOException' with message 'SQLSTATE[HY000] [1045] Access denied for user 'root'@'localhost' (using password: YES)' in /srv/educationks/vendor/laravel/framework/src/Illuminate/Database/Connectors/Connector.php:55
Stack trace:
#0 /srv/educationks/vendor/laravel/framework/src/Illuminate/Database/Connectors/Connector.php(55): PDO->__construct('mysql:host=loca...', 'root', 'albani123', Array)
#1 /srv/educationks/vendor/laravel/framework/src/Illuminate/Database/Connectors/MySqlConnector.php(24): Illuminate\Database\Connectors\Connector->createConnection('mysql:host=loca...', Array, Array)
#2 /srv/educationks/vendor/laravel/framework/src/Illuminate/Database/Connectors/ConnectionFactory.php(61): Illuminate\Database\Connectors\MySqlConnector->connect(Array)
#3 [internal function]: Illuminate\Database\Connectors\ConnectionFactory->Illuminate\Database\Connectors\{closure}()
#4 /srv/educationks/vendor/laravel/framework/src/Illuminate/Database/Connection.php(864): call_user_func(Object(Closure))
#5 /srv/educationks/vendor/laravel/framework/src/Illuminate/Database/Connection.php(732): Illuminate\Database\Connection->getPdo()
#6 /srv/educationks/vendor/laravel/framework/src/Illuminate/Database/Connection.php(621): Illuminate\Database\Connection->reconnectIfMissingConnection()
#7 /srv/educationks/vendor/laravel/framework/src/Illuminate/Database/Connection.php(342): Illuminate\Database\Connection->run('select * from `...', Array, Object(Closure))
#8 /srv/educationks/vendor/laravel/framework/src/Illuminate/Database/Query/Builder.php(1461): Illuminate\Database\Connection->select('select * from `...', Array, true)
#9 /srv/educationks/vendor/laravel/framework/src/Illuminate/Database/Query/Builder.php(1447): Illuminate\Database\Query\Builder->runSelect()
#10 /srv/educationks/vendor/laravel/framework/src/Illuminate/Database/Eloquent/Builder.php(503): Illuminate\Database\Query\Builder->get(Array)
#11 /srv/educationks/vendor/laravel/framework/src/Illuminate/Database/Eloquent/Builder.php(237): Illuminate\Database\Eloquent\Builder->getModels(Array)
#12 /srv/educationks/vendor/laravel/framework/src/Illuminate/Database/Eloquent/Builder.php(207): Illuminate\Database\Eloquent\Builder->get(Array)
#13 [internal function]: Illuminate\Database\Eloquent\Builder->first()
#14 /srv/educationks/vendor/laravel/framework/src/Illuminate/Database/Eloquent/Model.php(3553): call_user_func_array(Array, Array)
#15 [internal function]: Illuminate\Database\Eloquent\Model->__call('first', Array)
#16 [internal function]: App\Options->first()
#17 /srv/educationks/vendor/laravel/framework/src/Illuminate/Database/Eloquent/Model.php(3567): call_user_func_array(Array, Array)
#18 /srv/educationks/app/Http/Controllers/HomeController.php(33): Illuminate\Database\Eloquent\Model::__callStatic('first', Array)
#19 /srv/educationks/app/Http/Controllers/HomeController.php(33): App\Options::first()
#20 [internal function]: App\Http\Controllers\HomeController->__construct()
#21 /srv/educationks/vendor/laravel/framework/src/Illuminate/Container/Container.php(783): ReflectionClass->newInstanceArgs(Array)
#22 /srv/educationks/vendor/laravel/framework/src/Illuminate/Container/Container.php(633): Illuminate\Container\Container->build('App\\Http\\Contro...', Array)
#23 /srv/educationks/vendor/laravel/framework/src/Illuminate/Foundation/Application.php(674): Illuminate\Container\Container->make('App\\Http\\Contro...', Array)
#24 /srv/educationks/vendor/laravel/framework/src/Illuminate/Routing/ControllerDispatcher.php(67): Illuminate\Foundation\Application->make('App\\Http\\Contro...')
#25 /srv/educationks/vendor/laravel/framework/src/Illuminate/Routing/ControllerDispatcher.php(52): Illuminate\Routing\ControllerDispatcher->makeController('App\\Http\\Contro...')
#26 /srv/educationks/vendor/laravel/framework/src/Illuminate/Routing/Route.php(174): Illuminate\Routing\ControllerDispatcher->dispatch(Object(Illuminate\Routing\Route), Object(Illuminate\Http\Request), 'App\\Http\\Contro...', 'getIndex')
#27 /srv/educationks/vendor/laravel/framework/src/Illuminate/Routing/Route.php(140): Illuminate\Routing\Route->runController(Object(Illuminate\Http\Request))
#28 /srv/educationks/vendor/laravel/framework/src/Illuminate/Routing/Router.php(703): Illuminate\Routing\Route->run(Object(Illuminate\Http\Request))
#29 [internal function]: Illuminate\Routing\Router->Illuminate\Routing\{closure}(Object(Illuminate\Http\Request))
#30 /srv/educationks/vendor/laravel/framework/src/Illuminate/Routing/Pipeline.php(52): call_user_func(Object(Closure), Object(Illuminate\Http\Request))
#31 /srv/educationks/app/Http/Middleware/SetLanguage.php(25): Illuminate\Routing\Pipeline->Illuminate\Routing\{closure}(Object(Illuminate\Http\Request))
#32 [internal function]: App\Http\Middleware\SetLanguage->handle(Object(Illuminate\Http\Request), Object(Closure))
#33 /srv/educationks/vendor/laravel/framework/src/Illuminate/Pipeline/Pipeline.php(124): call_user_func_array(Array, Array)
#34 [internal function]: Illuminate\Pipeline\Pipeline->Illuminate\Pipeline\{closure}(Object(Illuminate\Http\Request))
#35 /srv/educationks/vendor/laravel/framework/src/Illuminate/Routing/Pipeline.php(32): call_user_func(Object(Closure), Object(Illuminate\Http\Request))
#36 [internal function]: Illuminate\Routing\Pipeline->Illuminate\Routing\{closure}(Object(Illuminate\Http\Request))
#37 /srv/educationks/vendor/laravel/framework/src/Illuminate/Pipeline/Pipeline.php(103): call_user_func(Object(Closure), Object(Illuminate\Http\Request))
#38 /srv/educationks/vendor/laravel/framework/src/Illuminate/Routing/Router.php(705): Illuminate\Pipeline\Pipeline->then(Object(Closure))
#39 /srv/educationks/vendor/laravel/framework/src/Illuminate/Routing/Router.php(678): Illuminate\Routing\Router->runRouteWithinStack(Object(Illuminate\Routing\Route), Object(Illuminate\Http\Request))
#40 /srv/educationks/vendor/laravel/framework/src/Illuminate/Routing/Router.php(654): Illuminate\Routing\Router->dispatchToRoute(Object(Illuminate\Http\Request))
#41 /srv/educationks/vendor/laravel/framework/src/Illuminate/Foundation/Http/Kernel.php(246): Illuminate\Routing\Router->dispatch(Object(Illuminate\Http\Request))
#42 [internal function]: Illuminate\Foundation\Http\Kernel->Illuminate\Foundation\Http\{closure}(Object(Illuminate\Http\Request))
#43 /srv/educationks/vendor/laravel/framework/src/Illuminate/Routing/Pipeline.php(52): call_user_func(Object(Closure), Object(Illuminate\Http\Request))
#44 /srv/educationks/vendor/barryvdh/laravel-debugbar/src/Middleware/Debugbar.php(49): Illuminate\Routing\Pipeline->Illuminate\Routing\{closure}(Object(Illuminate\Http\Request))
#45 [internal function]: Barryvdh\Debugbar\Middleware\Debugbar->handle(Object(Illuminate\Http\Request), Object(Closure))
#46 /srv/educationks/vendor/laravel/framework/src/Illuminate/Pipeline/Pipeline.php(124): call_user_func_array(Array, Array)
#47 [internal function]: Illuminate\Pipeline\Pipeline->Illuminate\Pipeline\{closure}(Object(Illuminate\Http\Request))
#48 /srv/educationks/vendor/laravel/framework/src/Illuminate/Routing/Pipeline.php(32): call_user_func(Object(Closure), Object(Illuminate\Http\Request))
#49 /srv/educationks/vendor/laravel/framework/src/Illuminate/Foundation/Http/Middleware/VerifyCsrfToken.php(64): Illuminate\Routing\Pipeline->Illuminate\Routing\{closure}(Object(Illuminate\Http\Request))
#50 [internal function]: Illuminate\Foundation\Http\Middleware\VerifyCsrfToken->handle(Object(Illuminate\Http\Request), Object(Closure))
#51 /srv/educationks/vendor/laravel/framework/src/Illuminate/Pipeline/Pipeline.php(124): call_user_func_array(Array, Array)
#52 [internal function]: Illuminate\Pipeline\Pipeline->Illuminate\Pipeline\{closure}(Object(Illuminate\Http\Request))
#53 /srv/educationks/vendor/laravel/framework/src/Illuminate/Routing/Pipeline.php(32): call_user_func(Object(Closure), Object(Illuminate\Http\Request))
#54 /srv/educationks/vendor/laravel/framework/src/Illuminate/View/Middleware/ShareErrorsFromSession.php(49): Illuminate\Routing\Pipeline->Illuminate\Routing\{closure}(Object(Illuminate\Http\Request))
#55 [internal function]: Illuminate\View\Middleware\ShareErrorsFromSession->handle(Object(Illuminate\Http\Request), Object(Closure))
#56 /srv/educationks/vendor/laravel/framework/src/Illuminate/Pipeline/Pipeline.php(124): call_user_func_array(Array, Array)
#57 [internal function]: Illuminate\Pipeline\Pipeline->Illuminate\Pipeline\{closure}(Object(Illuminate\Http\Request))
#58 /srv/educationks/vendor/laravel/framework/src/Illuminate/Routing/Pipeline.php(32): call_user_func(Object(Closure), Object(Illuminate\Http\Request))
#59 /srv/educationks/vendor/laravel/framework/src/Illuminate/Session/Middleware/StartSession.php(62): Illuminate\Routing\Pipeline->Illuminate\Routing\{closure}(Object(Illuminate\Http\Request))
#60 [internal function]: Illuminate\Session\Middleware\StartSession->handle(Object(Illuminate\Http\Request), Object(Closure))
#61 /srv/educationks/vendor/laravel/framework/src/Illuminate/Pipeline/Pipeline.php(124): call_user_func_array(Array, Array)
#62 [internal function]: Illuminate\Pipeline\Pipeline->Illuminate\Pipeline\{closure}(Object(Illuminate\Http\Request))
#63 /srv/educationks/vendor/laravel/framework/src/Illuminate/Routing/Pipeline.php(32): call_user_func(Object(Closure), Object(Illuminate\Http\Request))
#64 /srv/educationks/vendor/laravel/framework/src/Illuminate/Cookie/Middleware/AddQueuedCookiesToResponse.php(37): Illuminate\Routing\Pipeline->Illuminate\Routing\{closure}(Object(Illuminate\Http\Request))
#65 [internal function]: Illuminate\Cookie\Middleware\AddQueuedCookiesToResponse->handle(Object(Illuminate\Http\Request), Object(Closure))
#66 /srv/educationks/vendor/laravel/framework/src/Illuminate/Pipeline/Pipeline.php(124): call_user_func_array(Array, Array)
#67 [internal function]: Illuminate\Pipeline\Pipeline->Illuminate\Pipeline\{closure}(Object(Illuminate\Http\Request))
#68 /srv/educationks/vendor/laravel/framework/src/Illuminate/Routing/Pipeline.php(32): call_user_func(Object(Closure), Object(Illuminate\Http\Request))
#69 /srv/educationks/vendor/laravel/framework/src/Illuminate/Cookie/Middleware/EncryptCookies.php(59): Illuminate\Routing\Pipeline->Illuminate\Routing\{closure}(Object(Illuminate\Http\Request))
#70 [internal function]: Illuminate\Cookie\Middleware\EncryptCookies->handle(Object(Illuminate\Http\Request), Object(Closure))
#71 /srv/educationks/vendor/laravel/framework/src/Illuminate/Pipeline/Pipeline.php(124): call_user_func_array(Array, Array)
#72 [internal function]: Illuminate\Pipeline\Pipeline->Illuminate\Pipeline\{closure}(Object(Illuminate\Http\Request))
#73 /srv/educationks/vendor/laravel/framework/src/Illuminate/Routing/Pipeline.php(32): call_user_func(Object(Closure), Object(Illuminate\Http\Request))
#74 /srv/educationks/vendor/laravel/framework/src/Illuminate/Foundation/Http/Middleware/CheckForMaintenanceMode.php(44): Illuminate\Routing\Pipeline->Illuminate\Routing\{closure}(Object(Illuminate\Http\Request))
#75 [internal function]: Illuminate\Foundation\Http\Middleware\CheckForMaintenanceMode->handle(Object(Illuminate\Http\Request), Object(Closure))
#76 /srv/educationks/vendor/laravel/framework/src/Illuminate/Pipeline/Pipeline.php(124): call_user_func_array(Array, Array)
#77 [internal function]: Illuminate\Pipeline\Pipeline->Illuminate\Pipeline\{closure}(Object(Illuminate\Http\Request))
#78 /srv/educationks/vendor/laravel/framework/src/Illuminate/Routing/Pipeline.php(32): call_user_func(Object(Closure), Object(Illuminate\Http\Request))
#79 [internal function]: Illuminate\Routing\Pipeline->Illuminate\Routing\{closure}(Object(Illuminate\Http\Request))
#80 /srv/educationks/vendor/laravel/framework/src/Illuminate/Pipeline/Pipeline.php(103): call_user_func(Object(Closure), Object(Illuminate\Http\Request))
#81 /srv/educationks/vendor/laravel/framework/src/Illuminate/Foundation/Http/Kernel.php(132): Illuminate\Pipeline\Pipeline->then(Object(Closure))
#82 /srv/educationks/vendor/laravel/framework/src/Illuminate/Foundation/Http/Kernel.php(99): Illuminate\Foundation\Http\Kernel->sendRequestThroughRouter(Object(Illuminate\Http\Request))
#83 /srv/http/index.php(54): Illuminate\Foundation\Http\Kernel->handle(Object(Illuminate\Http\Request))
#84 {main}  
[2016-03-25 23:42:46] development.ERROR: exception 'PDOException' with message 'SQLSTATE[42S02]: Base table or view not found: 1146 Table 'educationks.advertising' doesn't exist' in /srv/educationks/vendor/laravel/framework/src/Illuminate/Database/Connection.php:333
Stack trace:
#0 /srv/educationks/vendor/laravel/framework/src/Illuminate/Database/Connection.php(333): PDO->prepare('select * from `...')
#1 /srv/educationks/vendor/laravel/framework/src/Illuminate/Database/Connection.php(662): Illuminate\Database\Connection->Illuminate\Database\{closure}(Object(Illuminate\Database\MySqlConnection), 'select * from `...', Array)
#2 /srv/educationks/vendor/laravel/framework/src/Illuminate/Database/Connection.php(629): Illuminate\Database\Connection->runQueryCallback('select * from `...', Array, Object(Closure))
#3 /srv/educationks/vendor/laravel/framework/src/Illuminate/Database/Connection.php(342): Illuminate\Database\Connection->run('select * from `...', Array, Object(Closure))
#4 /srv/educationks/vendor/laravel/framework/src/Illuminate/Database/Query/Builder.php(1461): Illuminate\Database\Connection->select('select * from `...', Array, true)
#5 /srv/educationks/vendor/laravel/framework/src/Illuminate/Database/Query/Builder.php(1447): Illuminate\Database\Query\Builder->runSelect()
#6 /srv/educationks/vendor/laravel/framework/src/Illuminate/Database/Eloquent/Builder.php(503): Illuminate\Database\Query\Builder->get(Array)
#7 /srv/educationks/vendor/laravel/framework/src/Illuminate/Database/Eloquent/Builder.php(237): Illuminate\Database\Eloquent\Builder->getModels(Array)
#8 /srv/educationks/vendor/laravel/framework/src/Illuminate/Database/Eloquent/Model.php(692): Illuminate\Database\Eloquent\Builder->get(Array)
#9 /srv/educationks/app/Http/Controllers/HomeController.php(34): Illuminate\Database\Eloquent\Model::all()
#10 [internal function]: App\Http\Controllers\HomeController->__construct()
#11 /srv/educationks/vendor/laravel/framework/src/Illuminate/Container/Container.php(783): ReflectionClass->newInstanceArgs(Array)
#12 /srv/educationks/vendor/laravel/framework/src/Illuminate/Container/Container.php(633): Illuminate\Container\Container->build('App\\Http\\Contro...', Array)
#13 /srv/educationks/vendor/laravel/framework/src/Illuminate/Foundation/Application.php(674): Illuminate\Container\Container->make('App\\Http\\Contro...', Array)
#14 /srv/educationks/vendor/laravel/framework/src/Illuminate/Routing/ControllerDispatcher.php(67): Illuminate\Foundation\Application->make('App\\Http\\Contro...')
#15 /srv/educationks/vendor/laravel/framework/src/Illuminate/Routing/ControllerDispatcher.php(52): Illuminate\Routing\ControllerDispatcher->makeController('App\\Http\\Contro...')
#16 /srv/educationks/vendor/laravel/framework/src/Illuminate/Routing/Route.php(174): Illuminate\Routing\ControllerDispatcher->dispatch(Object(Illuminate\Routing\Route), Object(Illuminate\Http\Request), 'App\\Http\\Contro...', 'getIndex')
#17 /srv/educationks/vendor/laravel/framework/src/Illuminate/Routing/Route.php(140): Illuminate\Routing\Route->runController(Object(Illuminate\Http\Request))
#18 /srv/educationks/vendor/laravel/framework/src/Illuminate/Routing/Router.php(703): Illuminate\Routing\Route->run(Object(Illuminate\Http\Request))
#19 [internal function]: Illuminate\Routing\Router->Illuminate\Routing\{closure}(Object(Illuminate\Http\Request))
#20 /srv/educationks/vendor/laravel/framework/src/Illuminate/Routing/Pipeline.php(52): call_user_func(Object(Closure), Object(Illuminate\Http\Request))
#21 /srv/educationks/app/Http/Middleware/SetLanguage.php(25): Illuminate\Routing\Pipeline->Illuminate\Routing\{closure}(Object(Illuminate\Http\Request))
#22 [internal function]: App\Http\Middleware\SetLanguage->handle(Object(Illuminate\Http\Request), Object(Closure))
#23 /srv/educationks/vendor/laravel/framework/src/Illuminate/Pipeline/Pipeline.php(124): call_user_func_array(Array, Array)
#24 [internal function]: Illuminate\Pipeline\Pipeline->Illuminate\Pipeline\{closure}(Object(Illuminate\Http\Request))
#25 /srv/educationks/vendor/laravel/framework/src/Illuminate/Routing/Pipeline.php(32): call_user_func(Object(Closure), Object(Illuminate\Http\Request))
#26 [internal function]: Illuminate\Routing\Pipeline->Illuminate\Routing\{closure}(Object(Illuminate\Http\Request))
#27 /srv/educationks/vendor/laravel/framework/src/Illuminate/Pipeline/Pipeline.php(103): call_user_func(Object(Closure), Object(Illuminate\Http\Request))
#28 /srv/educationks/vendor/laravel/framework/src/Illuminate/Routing/Router.php(705): Illuminate\Pipeline\Pipeline->then(Object(Closure))
#29 /srv/educationks/vendor/laravel/framework/src/Illuminate/Routing/Router.php(678): Illuminate\Routing\Router->runRouteWithinStack(Object(Illuminate\Routing\Route), Object(Illuminate\Http\Request))
#30 /srv/educationks/vendor/laravel/framework/src/Illuminate/Routing/Router.php(654): Illuminate\Routing\Router->dispatchToRoute(Object(Illuminate\Http\Request))
#31 /srv/educationks/vendor/laravel/framework/src/Illuminate/Foundation/Http/Kernel.php(246): Illuminate\Routing\Router->dispatch(Object(Illuminate\Http\Request))
#32 [internal function]: Illuminate\Foundation\Http\Kernel->Illuminate\Foundation\Http\{closure}(Object(Illuminate\Http\Request))
#33 /srv/educationks/vendor/laravel/framework/src/Illuminate/Routing/Pipeline.php(52): call_user_func(Object(Closure), Object(Illuminate\Http\Request))
#34 /srv/educationks/vendor/barryvdh/laravel-debugbar/src/Middleware/Debugbar.php(49): Illuminate\Routing\Pipeline->Illuminate\Routing\{closure}(Object(Illuminate\Http\Request))
#35 [internal function]: Barryvdh\Debugbar\Middleware\Debugbar->handle(Object(Illuminate\Http\Request), Object(Closure))
#36 /srv/educationks/vendor/laravel/framework/src/Illuminate/Pipeline/Pipeline.php(124): call_user_func_array(Array, Array)
#37 [internal function]: Illuminate\Pipeline\Pipeline->Illuminate\Pipeline\{closure}(Object(Illuminate\Http\Request))
#38 /srv/educationks/vendor/laravel/framework/src/Illuminate/Routing/Pipeline.php(32): call_user_func(Object(Closure), Object(Illuminate\Http\Request))
#39 /srv/educationks/vendor/laravel/framework/src/Illuminate/Foundation/Http/Middleware/VerifyCsrfToken.php(64): Illuminate\Routing\Pipeline->Illuminate\Routing\{closure}(Object(Illuminate\Http\Request))
#40 [internal function]: Illuminate\Foundation\Http\Middleware\VerifyCsrfToken->handle(Object(Illuminate\Http\Request), Object(Closure))
#41 /srv/educationks/vendor/laravel/framework/src/Illuminate/Pipeline/Pipeline.php(124): call_user_func_array(Array, Array)
#42 [internal function]: Illuminate\Pipeline\Pipeline->Illuminate\Pipeline\{closure}(Object(Illuminate\Http\Request))
#43 /srv/educationks/vendor/laravel/framework/src/Illuminate/Routing/Pipeline.php(32): call_user_func(Object(Closure), Object(Illuminate\Http\Request))
#44 /srv/educationks/vendor/laravel/framework/src/Illuminate/View/Middleware/ShareErrorsFromSession.php(49): Illuminate\Routing\Pipeline->Illuminate\Routing\{closure}(Object(Illuminate\Http\Request))
#45 [internal function]: Illuminate\View\Middleware\ShareErrorsFromSession->handle(Object(Illuminate\Http\Request), Object(Closure))
#46 /srv/educationks/vendor/laravel/framework/src/Illuminate/Pipeline/Pipeline.php(124): call_user_func_array(Array, Array)
#47 [internal function]: Illuminate\Pipeline\Pipeline->Illuminate\Pipeline\{closure}(Object(Illuminate\Http\Request))
#48 /srv/educationks/vendor/laravel/framework/src/Illuminate/Routing/Pipeline.php(32): call_user_func(Object(Closure), Object(Illuminate\Http\Request))
#49 /srv/educationks/vendor/laravel/framework/src/Illuminate/Session/Middleware/StartSession.php(62): Illuminate\Routing\Pipeline->Illuminate\Routing\{closure}(Object(Illuminate\Http\Request))
#50 [internal function]: Illuminate\Session\Middleware\StartSession->handle(Object(Illuminate\Http\Request), Object(Closure))
#51 /srv/educationks/vendor/laravel/framework/src/Illuminate/Pipeline/Pipeline.php(124): call_user_func_array(Array, Array)
#52 [internal function]: Illuminate\Pipeline\Pipeline->Illuminate\Pipeline\{closure}(Object(Illuminate\Http\Request))
#53 /srv/educationks/vendor/laravel/framework/src/Illuminate/Routing/Pipeline.php(32): call_user_func(Object(Closure), Object(Illuminate\Http\Request))
#54 /srv/educationks/vendor/laravel/framework/src/Illuminate/Cookie/Middleware/AddQueuedCookiesToResponse.php(37): Illuminate\Routing\Pipeline->Illuminate\Routing\{closure}(Object(Illuminate\Http\Request))
#55 [internal function]: Illuminate\Cookie\Middleware\AddQueuedCookiesToResponse->handle(Object(Illuminate\Http\Request), Object(Closure))
#56 /srv/educationks/vendor/laravel/framework/src/Illuminate/Pipeline/Pipeline.php(124): call_user_func_array(Array, Array)
#57 [internal function]: Illuminate\Pipeline\Pipeline->Illuminate\Pipeline\{closure}(Object(Illuminate\Http\Request))
#58 /srv/educationks/vendor/laravel/framework/src/Illuminate/Routing/Pipeline.php(32): call_user_func(Object(Closure), Object(Illuminate\Http\Request))
#59 /srv/educationks/vendor/laravel/framework/src/Illuminate/Cookie/Middleware/EncryptCookies.php(59): Illuminate\Routing\Pipeline->Illuminate\Routing\{closure}(Object(Illuminate\Http\Request))
#60 [internal function]: Illuminate\Cookie\Middleware\EncryptCookies->handle(Object(Illuminate\Http\Request), Object(Closure))
#61 /srv/educationks/vendor/laravel/framework/src/Illuminate/Pipeline/Pipeline.php(124): call_user_func_array(Array, Array)
#62 [internal function]: Illuminate\Pipeline\Pipeline->Illuminate\Pipeline\{closure}(Object(Illuminate\Http\Request))
#63 /srv/educationks/vendor/laravel/framework/src/Illuminate/Routing/Pipeline.php(32): call_user_func(Object(Closure), Object(Illuminate\Http\Request))
#64 /srv/educationks/vendor/laravel/framework/src/Illuminate/Foundation/Http/Middleware/CheckForMaintenanceMode.php(44): Illuminate\Routing\Pipeline->Illuminate\Routing\{closure}(Object(Illuminate\Http\Request))
#65 [internal function]: Illuminate\Foundation\Http\Middleware\CheckForMaintenanceMode->handle(Object(Illuminate\Http\Request), Object(Closure))
#66 /srv/educationks/vendor/laravel/framework/src/Illuminate/Pipeline/Pipeline.php(124): call_user_func_array(Array, Array)
#67 [internal function]: Illuminate\Pipeline\Pipeline->Illuminate\Pipeline\{closure}(Object(Illuminate\Http\Request))
#68 /srv/educationks/vendor/laravel/framework/src/Illuminate/Routing/Pipeline.php(32): call_user_func(Object(Closure), Object(Illuminate\Http\Request))
#69 [internal function]: Illuminate\Routing\Pipeline->Illuminate\Routing\{closure}(Object(Illuminate\Http\Request))
#70 /srv/educationks/vendor/laravel/framework/src/Illuminate/Pipeline/Pipeline.php(103): call_user_func(Object(Closure), Object(Illuminate\Http\Request))
#71 /srv/educationks/vendor/laravel/framework/src/Illuminate/Foundation/Http/Kernel.php(132): Illuminate\Pipeline\Pipeline->then(Object(Closure))
#72 /srv/educationks/vendor/laravel/framework/src/Illuminate/Foundation/Http/Kernel.php(99): Illuminate\Foundation\Http\Kernel->sendRequestThroughRouter(Object(Illuminate\Http\Request))
#73 /srv/http/index.php(54): Illuminate\Foundation\Http\Kernel->handle(Object(Illuminate\Http\Request))
#74 {main}

Next exception 'Illuminate\Database\QueryException' with message 'SQLSTATE[42S02]: Base table or view not found: 1146 Table 'educationks.advertising' doesn't exist (SQL: select * from `advertising` where `advertising`.`deleted_at` is null)' in /srv/educationks/vendor/laravel/framework/src/Illuminate/Database/Connection.php:669
Stack trace:
#0 /srv/educationks/vendor/laravel/framework/src/Illuminate/Database/Connection.php(629): Illuminate\Database\Connection->runQueryCallback('select * from `...', Array, Object(Closure))
#1 /srv/educationks/vendor/laravel/framework/src/Illuminate/Database/Connection.php(342): Illuminate\Database\Connection->run('select * from `...', Array, Object(Closure))
#2 /srv/educationks/vendor/laravel/framework/src/Illuminate/Database/Query/Builder.php(1461): Illuminate\Database\Connection->select('select * from `...', Array, true)
#3 /srv/educationks/vendor/laravel/framework/src/Illuminate/Database/Query/Builder.php(1447): Illuminate\Database\Query\Builder->runSelect()
#4 /srv/educationks/vendor/laravel/framework/src/Illuminate/Database/Eloquent/Builder.php(503): Illuminate\Database\Query\Builder->get(Array)
#5 /srv/educationks/vendor/laravel/framework/src/Illuminate/Database/Eloquent/Builder.php(237): Illuminate\Database\Eloquent\Builder->getModels(Array)
#6 /srv/educationks/vendor/laravel/framework/src/Illuminate/Database/Eloquent/Model.php(692): Illuminate\Database\Eloquent\Builder->get(Array)
#7 /srv/educationks/app/Http/Controllers/HomeController.php(34): Illuminate\Database\Eloquent\Model::all()
#8 [internal function]: App\Http\Controllers\HomeController->__construct()
#9 /srv/educationks/vendor/laravel/framework/src/Illuminate/Container/Container.php(783): ReflectionClass->newInstanceArgs(Array)
#10 /srv/educationks/vendor/laravel/framework/src/Illuminate/Container/Container.php(633): Illuminate\Container\Container->build('App\\Http\\Contro...', Array)
#11 /srv/educationks/vendor/laravel/framework/src/Illuminate/Foundation/Application.php(674): Illuminate\Container\Container->make('App\\Http\\Contro...', Array)
#12 /srv/educationks/vendor/laravel/framework/src/Illuminate/Routing/ControllerDispatcher.php(67): Illuminate\Foundation\Application->make('App\\Http\\Contro...')
#13 /srv/educationks/vendor/laravel/framework/src/Illuminate/Routing/ControllerDispatcher.php(52): Illuminate\Routing\ControllerDispatcher->makeController('App\\Http\\Contro...')
#14 /srv/educationks/vendor/laravel/framework/src/Illuminate/Routing/Route.php(174): Illuminate\Routing\ControllerDispatcher->dispatch(Object(Illuminate\Routing\Route), Object(Illuminate\Http\Request), 'App\\Http\\Contro...', 'getIndex')
#15 /srv/educationks/vendor/laravel/framework/src/Illuminate/Routing/Route.php(140): Illuminate\Routing\Route->runController(Object(Illuminate\Http\Request))
#16 /srv/educationks/vendor/laravel/framework/src/Illuminate/Routing/Router.php(703): Illuminate\Routing\Route->run(Object(Illuminate\Http\Request))
#17 [internal function]: Illuminate\Routing\Router->Illuminate\Routing\{closure}(Object(Illuminate\Http\Request))
#18 /srv/educationks/vendor/laravel/framework/src/Illuminate/Routing/Pipeline.php(52): call_user_func(Object(Closure), Object(Illuminate\Http\Request))
#19 /srv/educationks/app/Http/Middleware/SetLanguage.php(25): Illuminate\Routing\Pipeline->Illuminate\Routing\{closure}(Object(Illuminate\Http\Request))
#20 [internal function]: App\Http\Middleware\SetLanguage->handle(Object(Illuminate\Http\Request), Object(Closure))
#21 /srv/educationks/vendor/laravel/framework/src/Illuminate/Pipeline/Pipeline.php(124): call_user_func_array(Array, Array)
#22 [internal function]: Illuminate\Pipeline\Pipeline->Illuminate\Pipeline\{closure}(Object(Illuminate\Http\Request))
#23 /srv/educationks/vendor/laravel/framework/src/Illuminate/Routing/Pipeline.php(32): call_user_func(Object(Closure), Object(Illuminate\Http\Request))
#24 [internal function]: Illuminate\Routing\Pipeline->Illuminate\Routing\{closure}(Object(Illuminate\Http\Request))
#25 /srv/educationks/vendor/laravel/framework/src/Illuminate/Pipeline/Pipeline.php(103): call_user_func(Object(Closure), Object(Illuminate\Http\Request))
#26 /srv/educationks/vendor/laravel/framework/src/Illuminate/Routing/Router.php(705): Illuminate\Pipeline\Pipeline->then(Object(Closure))
#27 /srv/educationks/vendor/laravel/framework/src/Illuminate/Routing/Router.php(678): Illuminate\Routing\Router->runRouteWithinStack(Object(Illuminate\Routing\Route), Object(Illuminate\Http\Request))
#28 /srv/educationks/vendor/laravel/framework/src/Illuminate/Routing/Router.php(654): Illuminate\Routing\Router->dispatchToRoute(Object(Illuminate\Http\Request))
#29 /srv/educationks/vendor/laravel/framework/src/Illuminate/Foundation/Http/Kernel.php(246): Illuminate\Routing\Router->dispatch(Object(Illuminate\Http\Request))
#30 [internal function]: Illuminate\Foundation\Http\Kernel->Illuminate\Foundation\Http\{closure}(Object(Illuminate\Http\Request))
#31 /srv/educationks/vendor/laravel/framework/src/Illuminate/Routing/Pipeline.php(52): call_user_func(Object(Closure), Object(Illuminate\Http\Request))
#32 /srv/educationks/vendor/barryvdh/laravel-debugbar/src/Middleware/Debugbar.php(49): Illuminate\Routing\Pipeline->Illuminate\Routing\{closure}(Object(Illuminate\Http\Request))
#33 [internal function]: Barryvdh\Debugbar\Middleware\Debugbar->handle(Object(Illuminate\Http\Request), Object(Closure))
#34 /srv/educationks/vendor/laravel/framework/src/Illuminate/Pipeline/Pipeline.php(124): call_user_func_array(Array, Array)
#35 [internal function]: Illuminate\Pipeline\Pipeline->Illuminate\Pipeline\{closure}(Object(Illuminate\Http\Request))
#36 /srv/educationks/vendor/laravel/framework/src/Illuminate/Routing/Pipeline.php(32): call_user_func(Object(Closure), Object(Illuminate\Http\Request))
#37 /srv/educationks/vendor/laravel/framework/src/Illuminate/Foundation/Http/Middleware/VerifyCsrfToken.php(64): Illuminate\Routing\Pipeline->Illuminate\Routing\{closure}(Object(Illuminate\Http\Request))
#38 [internal function]: Illuminate\Foundation\Http\Middleware\VerifyCsrfToken->handle(Object(Illuminate\Http\Request), Object(Closure))
#39 /srv/educationks/vendor/laravel/framework/src/Illuminate/Pipeline/Pipeline.php(124): call_user_func_array(Array, Array)
#40 [internal function]: Illuminate\Pipeline\Pipeline->Illuminate\Pipeline\{closure}(Object(Illuminate\Http\Request))
#41 /srv/educationks/vendor/laravel/framework/src/Illuminate/Routing/Pipeline.php(32): call_user_func(Object(Closure), Object(Illuminate\Http\Request))
#42 /srv/educationks/vendor/laravel/framework/src/Illuminate/View/Middleware/ShareErrorsFromSession.php(49): Illuminate\Routing\Pipeline->Illuminate\Routing\{closure}(Object(Illuminate\Http\Request))
#43 [internal function]: Illuminate\View\Middleware\ShareErrorsFromSession->handle(Object(Illuminate\Http\Request), Object(Closure))
#44 /srv/educationks/vendor/laravel/framework/src/Illuminate/Pipeline/Pipeline.php(124): call_user_func_array(Array, Array)
#45 [internal function]: Illuminate\Pipeline\Pipeline->Illuminate\Pipeline\{closure}(Object(Illuminate\Http\Request))
#46 /srv/educationks/vendor/laravel/framework/src/Illuminate/Routing/Pipeline.php(32): call_user_func(Object(Closure), Object(Illuminate\Http\Request))
#47 /srv/educationks/vendor/laravel/framework/src/Illuminate/Session/Middleware/StartSession.php(62): Illuminate\Routing\Pipeline->Illuminate\Routing\{closure}(Object(Illuminate\Http\Request))
#48 [internal function]: Illuminate\Session\Middleware\StartSession->handle(Object(Illuminate\Http\Request), Object(Closure))
#49 /srv/educationks/vendor/laravel/framework/src/Illuminate/Pipeline/Pipeline.php(124): call_user_func_array(Array, Array)
#50 [internal function]: Illuminate\Pipeline\Pipeline->Illuminate\Pipeline\{closure}(Object(Illuminate\Http\Request))
#51 /srv/educationks/vendor/laravel/framework/src/Illuminate/Routing/Pipeline.php(32): call_user_func(Object(Closure), Object(Illuminate\Http\Request))
#52 /srv/educationks/vendor/laravel/framework/src/Illuminate/Cookie/Middleware/AddQueuedCookiesToResponse.php(37): Illuminate\Routing\Pipeline->Illuminate\Routing\{closure}(Object(Illuminate\Http\Request))
#53 [internal function]: Illuminate\Cookie\Middleware\AddQueuedCookiesToResponse->handle(Object(Illuminate\Http\Request), Object(Closure))
#54 /srv/educationks/vendor/laravel/framework/src/Illuminate/Pipeline/Pipeline.php(124): call_user_func_array(Array, Array)
#55 [internal function]: Illuminate\Pipeline\Pipeline->Illuminate\Pipeline\{closure}(Object(Illuminate\Http\Request))
#56 /srv/educationks/vendor/laravel/framework/src/Illuminate/Routing/Pipeline.php(32): call_user_func(Object(Closure), Object(Illuminate\Http\Request))
#57 /srv/educationks/vendor/laravel/framework/src/Illuminate/Cookie/Middleware/EncryptCookies.php(59): Illuminate\Routing\Pipeline->Illuminate\Routing\{closure}(Object(Illuminate\Http\Request))
#58 [internal function]: Illuminate\Cookie\Middleware\EncryptCookies->handle(Object(Illuminate\Http\Request), Object(Closure))
#59 /srv/educationks/vendor/laravel/framework/src/Illuminate/Pipeline/Pipeline.php(124): call_user_func_array(Array, Array)
#60 [internal function]: Illuminate\Pipeline\Pipeline->Illuminate\Pipeline\{closure}(Object(Illuminate\Http\Request))
#61 /srv/educationks/vendor/laravel/framework/src/Illuminate/Routing/Pipeline.php(32): call_user_func(Object(Closure), Object(Illuminate\Http\Request))
#62 /srv/educationks/vendor/laravel/framework/src/Illuminate/Foundation/Http/Middleware/CheckForMaintenanceMode.php(44): Illuminate\Routing\Pipeline->Illuminate\Routing\{closure}(Object(Illuminate\Http\Request))
#63 [internal function]: Illuminate\Foundation\Http\Middleware\CheckForMaintenanceMode->handle(Object(Illuminate\Http\Request), Object(Closure))
#64 /srv/educationks/vendor/laravel/framework/src/Illuminate/Pipeline/Pipeline.php(124): call_user_func_array(Array, Array)
#65 [internal function]: Illuminate\Pipeline\Pipeline->Illuminate\Pipeline\{closure}(Object(Illuminate\Http\Request))
#66 /srv/educationks/vendor/laravel/framework/src/Illuminate/Routing/Pipeline.php(32): call_user_func(Object(Closure), Object(Illuminate\Http\Request))
#67 [internal function]: Illuminate\Routing\Pipeline->Illuminate\Routing\{closure}(Object(Illuminate\Http\Request))
#68 /srv/educationks/vendor/laravel/framework/src/Illuminate/Pipeline/Pipeline.php(103): call_user_func(Object(Closure), Object(Illuminate\Http\Request))
#69 /srv/educationks/vendor/laravel/framework/src/Illuminate/Foundation/Http/Kernel.php(132): Illuminate\Pipeline\Pipeline->then(Object(Closure))
#70 /srv/educationks/vendor/laravel/framework/src/Illuminate/Foundation/Http/Kernel.php(99): Illuminate\Foundation\Http\Kernel->sendRequestThroughRouter(Object(Illuminate\Http\Request))
#71 /srv/http/index.php(54): Illuminate\Foundation\Http\Kernel->handle(Object(Illuminate\Http\Request))
#72 {main}  
[2016-03-25 23:42:47] development.ERROR: exception 'PDOException' with message 'SQLSTATE[42S02]: Base table or view not found: 1146 Table 'educationks.advertising' doesn't exist' in /srv/educationks/vendor/laravel/framework/src/Illuminate/Database/Connection.php:333
Stack trace:
#0 /srv/educationks/vendor/laravel/framework/src/Illuminate/Database/Connection.php(333): PDO->prepare('select * from `...')
#1 /srv/educationks/vendor/laravel/framework/src/Illuminate/Database/Connection.php(662): Illuminate\Database\Connection->Illuminate\Database\{closure}(Object(Illuminate\Database\MySqlConnection), 'select * from `...', Array)
#2 /srv/educationks/vendor/laravel/framework/src/Illuminate/Database/Connection.php(629): Illuminate\Database\Connection->runQueryCallback('select * from `...', Array, Object(Closure))
#3 /srv/educationks/vendor/laravel/framework/src/Illuminate/Database/Connection.php(342): Illuminate\Database\Connection->run('select * from `...', Array, Object(Closure))
#4 /srv/educationks/vendor/laravel/framework/src/Illuminate/Database/Query/Builder.php(1461): Illuminate\Database\Connection->select('select * from `...', Array, true)
#5 /srv/educationks/vendor/laravel/framework/src/Illuminate/Database/Query/Builder.php(1447): Illuminate\Database\Query\Builder->runSelect()
#6 /srv/educationks/vendor/laravel/framework/src/Illuminate/Database/Eloquent/Builder.php(503): Illuminate\Database\Query\Builder->get(Array)
#7 /srv/educationks/vendor/laravel/framework/src/Illuminate/Database/Eloquent/Builder.php(237): Illuminate\Database\Eloquent\Builder->getModels(Array)
#8 /srv/educationks/vendor/laravel/framework/src/Illuminate/Database/Eloquent/Model.php(692): Illuminate\Database\Eloquent\Builder->get(Array)
#9 /srv/educationks/app/Http/Controllers/HomeController.php(34): Illuminate\Database\Eloquent\Model::all()
#10 [internal function]: App\Http\Controllers\HomeController->__construct()
#11 /srv/educationks/vendor/laravel/framework/src/Illuminate/Container/Container.php(783): ReflectionClass->newInstanceArgs(Array)
#12 /srv/educationks/vendor/laravel/framework/src/Illuminate/Container/Container.php(633): Illuminate\Container\Container->build('App\\Http\\Contro...', Array)
#13 /srv/educationks/vendor/laravel/framework/src/Illuminate/Foundation/Application.php(674): Illuminate\Container\Container->make('App\\Http\\Contro...', Array)
#14 /srv/educationks/vendor/laravel/framework/src/Illuminate/Routing/ControllerDispatcher.php(67): Illuminate\Foundation\Application->make('App\\Http\\Contro...')
#15 /srv/educationks/vendor/laravel/framework/src/Illuminate/Routing/ControllerDispatcher.php(52): Illuminate\Routing\ControllerDispatcher->makeController('App\\Http\\Contro...')
#16 /srv/educationks/vendor/laravel/framework/src/Illuminate/Routing/Route.php(174): Illuminate\Routing\ControllerDispatcher->dispatch(Object(Illuminate\Routing\Route), Object(Illuminate\Http\Request), 'App\\Http\\Contro...', 'getIndex')
#17 /srv/educationks/vendor/laravel/framework/src/Illuminate/Routing/Route.php(140): Illuminate\Routing\Route->runController(Object(Illuminate\Http\Request))
#18 /srv/educationks/vendor/laravel/framework/src/Illuminate/Routing/Router.php(703): Illuminate\Routing\Route->run(Object(Illuminate\Http\Request))
#19 [internal function]: Illuminate\Routing\Router->Illuminate\Routing\{closure}(Object(Illuminate\Http\Request))
#20 /srv/educationks/vendor/laravel/framework/src/Illuminate/Routing/Pipeline.php(52): call_user_func(Object(Closure), Object(Illuminate\Http\Request))
#21 /srv/educationks/app/Http/Middleware/SetLanguage.php(25): Illuminate\Routing\Pipeline->Illuminate\Routing\{closure}(Object(Illuminate\Http\Request))
#22 [internal function]: App\Http\Middleware\SetLanguage->handle(Object(Illuminate\Http\Request), Object(Closure))
#23 /srv/educationks/vendor/laravel/framework/src/Illuminate/Pipeline/Pipeline.php(124): call_user_func_array(Array, Array)
#24 [internal function]: Illuminate\Pipeline\Pipeline->Illuminate\Pipeline\{closure}(Object(Illuminate\Http\Request))
#25 /srv/educationks/vendor/laravel/framework/src/Illuminate/Routing/Pipeline.php(32): call_user_func(Object(Closure), Object(Illuminate\Http\Request))
#26 [internal function]: Illuminate\Routing\Pipeline->Illuminate\Routing\{closure}(Object(Illuminate\Http\Request))
#27 /srv/educationks/vendor/laravel/framework/src/Illuminate/Pipeline/Pipeline.php(103): call_user_func(Object(Closure), Object(Illuminate\Http\Request))
#28 /srv/educationks/vendor/laravel/framework/src/Illuminate/Routing/Router.php(705): Illuminate\Pipeline\Pipeline->then(Object(Closure))
#29 /srv/educationks/vendor/laravel/framework/src/Illuminate/Routing/Router.php(678): Illuminate\Routing\Router->runRouteWithinStack(Object(Illuminate\Routing\Route), Object(Illuminate\Http\Request))
#30 /srv/educationks/vendor/laravel/framework/src/Illuminate/Routing/Router.php(654): Illuminate\Routing\Router->dispatchToRoute(Object(Illuminate\Http\Request))
#31 /srv/educationks/vendor/laravel/framework/src/Illuminate/Foundation/Http/Kernel.php(246): Illuminate\Routing\Router->dispatch(Object(Illuminate\Http\Request))
#32 [internal function]: Illuminate\Foundation\Http\Kernel->Illuminate\Foundation\Http\{closure}(Object(Illuminate\Http\Request))
#33 /srv/educationks/vendor/laravel/framework/src/Illuminate/Routing/Pipeline.php(52): call_user_func(Object(Closure), Object(Illuminate\Http\Request))
#34 /srv/educationks/vendor/barryvdh/laravel-debugbar/src/Middleware/Debugbar.php(49): Illuminate\Routing\Pipeline->Illuminate\Routing\{closure}(Object(Illuminate\Http\Request))
#35 [internal function]: Barryvdh\Debugbar\Middleware\Debugbar->handle(Object(Illuminate\Http\Request), Object(Closure))
#36 /srv/educationks/vendor/laravel/framework/src/Illuminate/Pipeline/Pipeline.php(124): call_user_func_array(Array, Array)
#37 [internal function]: Illuminate\Pipeline\Pipeline->Illuminate\Pipeline\{closure}(Object(Illuminate\Http\Request))
#38 /srv/educationks/vendor/laravel/framework/src/Illuminate/Routing/Pipeline.php(32): call_user_func(Object(Closure), Object(Illuminate\Http\Request))
#39 /srv/educationks/vendor/laravel/framework/src/Illuminate/Foundation/Http/Middleware/VerifyCsrfToken.php(64): Illuminate\Routing\Pipeline->Illuminate\Routing\{closure}(Object(Illuminate\Http\Request))
#40 [internal function]: Illuminate\Foundation\Http\Middleware\VerifyCsrfToken->handle(Object(Illuminate\Http\Request), Object(Closure))
#41 /srv/educationks/vendor/laravel/framework/src/Illuminate/Pipeline/Pipeline.php(124): call_user_func_array(Array, Array)
#42 [internal function]: Illuminate\Pipeline\Pipeline->Illuminate\Pipeline\{closure}(Object(Illuminate\Http\Request))
#43 /srv/educationks/vendor/laravel/framework/src/Illuminate/Routing/Pipeline.php(32): call_user_func(Object(Closure), Object(Illuminate\Http\Request))
#44 /srv/educationks/vendor/laravel/framework/src/Illuminate/View/Middleware/ShareErrorsFromSession.php(49): Illuminate\Routing\Pipeline->Illuminate\Routing\{closure}(Object(Illuminate\Http\Request))
#45 [internal function]: Illuminate\View\Middleware\ShareErrorsFromSession->handle(Object(Illuminate\Http\Request), Object(Closure))
#46 /srv/educationks/vendor/laravel/framework/src/Illuminate/Pipeline/Pipeline.php(124): call_user_func_array(Array, Array)
#47 [internal function]: Illuminate\Pipeline\Pipeline->Illuminate\Pipeline\{closure}(Object(Illuminate\Http\Request))
#48 /srv/educationks/vendor/laravel/framework/src/Illuminate/Routing/Pipeline.php(32): call_user_func(Object(Closure), Object(Illuminate\Http\Request))
#49 /srv/educationks/vendor/laravel/framework/src/Illuminate/Session/Middleware/StartSession.php(62): Illuminate\Routing\Pipeline->Illuminate\Routing\{closure}(Object(Illuminate\Http\Request))
#50 [internal function]: Illuminate\Session\Middleware\StartSession->handle(Object(Illuminate\Http\Request), Object(Closure))
#51 /srv/educationks/vendor/laravel/framework/src/Illuminate/Pipeline/Pipeline.php(124): call_user_func_array(Array, Array)
#52 [internal function]: Illuminate\Pipeline\Pipeline->Illuminate\Pipeline\{closure}(Object(Illuminate\Http\Request))
#53 /srv/educationks/vendor/laravel/framework/src/Illuminate/Routing/Pipeline.php(32): call_user_func(Object(Closure), Object(Illuminate\Http\Request))
#54 /srv/educationks/vendor/laravel/framework/src/Illuminate/Cookie/Middleware/AddQueuedCookiesToResponse.php(37): Illuminate\Routing\Pipeline->Illuminate\Routing\{closure}(Object(Illuminate\Http\Request))
#55 [internal function]: Illuminate\Cookie\Middleware\AddQueuedCookiesToResponse->handle(Object(Illuminate\Http\Request), Object(Closure))
#56 /srv/educationks/vendor/laravel/framework/src/Illuminate/Pipeline/Pipeline.php(124): call_user_func_array(Array, Array)
#57 [internal function]: Illuminate\Pipeline\Pipeline->Illuminate\Pipeline\{closure}(Object(Illuminate\Http\Request))
#58 /srv/educationks/vendor/laravel/framework/src/Illuminate/Routing/Pipeline.php(32): call_user_func(Object(Closure), Object(Illuminate\Http\Request))
#59 /srv/educationks/vendor/laravel/framework/src/Illuminate/Cookie/Middleware/EncryptCookies.php(59): Illuminate\Routing\Pipeline->Illuminate\Routing\{closure}(Object(Illuminate\Http\Request))
#60 [internal function]: Illuminate\Cookie\Middleware\EncryptCookies->handle(Object(Illuminate\Http\Request), Object(Closure))
#61 /srv/educationks/vendor/laravel/framework/src/Illuminate/Pipeline/Pipeline.php(124): call_user_func_array(Array, Array)
#62 [internal function]: Illuminate\Pipeline\Pipeline->Illuminate\Pipeline\{closure}(Object(Illuminate\Http\Request))
#63 /srv/educationks/vendor/laravel/framework/src/Illuminate/Routing/Pipeline.php(32): call_user_func(Object(Closure), Object(Illuminate\Http\Request))
#64 /srv/educationks/vendor/laravel/framework/src/Illuminate/Foundation/Http/Middleware/CheckForMaintenanceMode.php(44): Illuminate\Routing\Pipeline->Illuminate\Routing\{closure}(Object(Illuminate\Http\Request))
#65 [internal function]: Illuminate\Foundation\Http\Middleware\CheckForMaintenanceMode->handle(Object(Illuminate\Http\Request), Object(Closure))
#66 /srv/educationks/vendor/laravel/framework/src/Illuminate/Pipeline/Pipeline.php(124): call_user_func_array(Array, Array)
#67 [internal function]: Illuminate\Pipeline\Pipeline->Illuminate\Pipeline\{closure}(Object(Illuminate\Http\Request))
#68 /srv/educationks/vendor/laravel/framework/src/Illuminate/Routing/Pipeline.php(32): call_user_func(Object(Closure), Object(Illuminate\Http\Request))
#69 [internal function]: Illuminate\Routing\Pipeline->Illuminate\Routing\{closure}(Object(Illuminate\Http\Request))
#70 /srv/educationks/vendor/laravel/framework/src/Illuminate/Pipeline/Pipeline.php(103): call_user_func(Object(Closure), Object(Illuminate\Http\Request))
#71 /srv/educationks/vendor/laravel/framework/src/Illuminate/Foundation/Http/Kernel.php(132): Illuminate\Pipeline\Pipeline->then(Object(Closure))
#72 /srv/educationks/vendor/laravel/framework/src/Illuminate/Foundation/Http/Kernel.php(99): Illuminate\Foundation\Http\Kernel->sendRequestThroughRouter(Object(Illuminate\Http\Request))
#73 /srv/http/index.php(54): Illuminate\Foundation\Http\Kernel->handle(Object(Illuminate\Http\Request))
#74 {main}

Next exception 'Illuminate\Database\QueryException' with message 'SQLSTATE[42S02]: Base table or view not found: 1146 Table 'educationks.advertising' doesn't exist (SQL: select * from `advertising` where `advertising`.`deleted_at` is null)' in /srv/educationks/vendor/laravel/framework/src/Illuminate/Database/Connection.php:669
Stack trace:
#0 /srv/educationks/vendor/laravel/framework/src/Illuminate/Database/Connection.php(629): Illuminate\Database\Connection->runQueryCallback('select * from `...', Array, Object(Closure))
#1 /srv/educationks/vendor/laravel/framework/src/Illuminate/Database/Connection.php(342): Illuminate\Database\Connection->run('select * from `...', Array, Object(Closure))
#2 /srv/educationks/vendor/laravel/framework/src/Illuminate/Database/Query/Builder.php(1461): Illuminate\Database\Connection->select('select * from `...', Array, true)
#3 /srv/educationks/vendor/laravel/framework/src/Illuminate/Database/Query/Builder.php(1447): Illuminate\Database\Query\Builder->runSelect()
#4 /srv/educationks/vendor/laravel/framework/src/Illuminate/Database/Eloquent/Builder.php(503): Illuminate\Database\Query\Builder->get(Array)
#5 /srv/educationks/vendor/laravel/framework/src/Illuminate/Database/Eloquent/Builder.php(237): Illuminate\Database\Eloquent\Builder->getModels(Array)
#6 /srv/educationks/vendor/laravel/framework/src/Illuminate/Database/Eloquent/Model.php(692): Illuminate\Database\Eloquent\Builder->get(Array)
#7 /srv/educationks/app/Http/Controllers/HomeController.php(34): Illuminate\Database\Eloquent\Model::all()
#8 [internal function]: App\Http\Controllers\HomeController->__construct()
#9 /srv/educationks/vendor/laravel/framework/src/Illuminate/Container/Container.php(783): ReflectionClass->newInstanceArgs(Array)
#10 /srv/educationks/vendor/laravel/framework/src/Illuminate/Container/Container.php(633): Illuminate\Container\Container->build('App\\Http\\Contro...', Array)
#11 /srv/educationks/vendor/laravel/framework/src/Illuminate/Foundation/Application.php(674): Illuminate\Container\Container->make('App\\Http\\Contro...', Array)
#12 /srv/educationks/vendor/laravel/framework/src/Illuminate/Routing/ControllerDispatcher.php(67): Illuminate\Foundation\Application->make('App\\Http\\Contro...')
#13 /srv/educationks/vendor/laravel/framework/src/Illuminate/Routing/ControllerDispatcher.php(52): Illuminate\Routing\ControllerDispatcher->makeController('App\\Http\\Contro...')
#14 /srv/educationks/vendor/laravel/framework/src/Illuminate/Routing/Route.php(174): Illuminate\Routing\ControllerDispatcher->dispatch(Object(Illuminate\Routing\Route), Object(Illuminate\Http\Request), 'App\\Http\\Contro...', 'getIndex')
#15 /srv/educationks/vendor/laravel/framework/src/Illuminate/Routing/Route.php(140): Illuminate\Routing\Route->runController(Object(Illuminate\Http\Request))
#16 /srv/educationks/vendor/laravel/framework/src/Illuminate/Routing/Router.php(703): Illuminate\Routing\Route->run(Object(Illuminate\Http\Request))
#17 [internal function]: Illuminate\Routing\Router->Illuminate\Routing\{closure}(Object(Illuminate\Http\Request))
#18 /srv/educationks/vendor/laravel/framework/src/Illuminate/Routing/Pipeline.php(52): call_user_func(Object(Closure), Object(Illuminate\Http\Request))
#19 /srv/educationks/app/Http/Middleware/SetLanguage.php(25): Illuminate\Routing\Pipeline->Illuminate\Routing\{closure}(Object(Illuminate\Http\Request))
#20 [internal function]: App\Http\Middleware\SetLanguage->handle(Object(Illuminate\Http\Request), Object(Closure))
#21 /srv/educationks/vendor/laravel/framework/src/Illuminate/Pipeline/Pipeline.php(124): call_user_func_array(Array, Array)
#22 [internal function]: Illuminate\Pipeline\Pipeline->Illuminate\Pipeline\{closure}(Object(Illuminate\Http\Request))
#23 /srv/educationks/vendor/laravel/framework/src/Illuminate/Routing/Pipeline.php(32): call_user_func(Object(Closure), Object(Illuminate\Http\Request))
#24 [internal function]: Illuminate\Routing\Pipeline->Illuminate\Routing\{closure}(Object(Illuminate\Http\Request))
#25 /srv/educationks/vendor/laravel/framework/src/Illuminate/Pipeline/Pipeline.php(103): call_user_func(Object(Closure), Object(Illuminate\Http\Request))
#26 /srv/educationks/vendor/laravel/framework/src/Illuminate/Routing/Router.php(705): Illuminate\Pipeline\Pipeline->then(Object(Closure))
#27 /srv/educationks/vendor/laravel/framework/src/Illuminate/Routing/Router.php(678): Illuminate\Routing\Router->runRouteWithinStack(Object(Illuminate\Routing\Route), Object(Illuminate\Http\Request))
#28 /srv/educationks/vendor/laravel/framework/src/Illuminate/Routing/Router.php(654): Illuminate\Routing\Router->dispatchToRoute(Object(Illuminate\Http\Request))
#29 /srv/educationks/vendor/laravel/framework/src/Illuminate/Foundation/Http/Kernel.php(246): Illuminate\Routing\Router->dispatch(Object(Illuminate\Http\Request))
#30 [internal function]: Illuminate\Foundation\Http\Kernel->Illuminate\Foundation\Http\{closure}(Object(Illuminate\Http\Request))
#31 /srv/educationks/vendor/laravel/framework/src/Illuminate/Routing/Pipeline.php(52): call_user_func(Object(Closure), Object(Illuminate\Http\Request))
#32 /srv/educationks/vendor/barryvdh/laravel-debugbar/src/Middleware/Debugbar.php(49): Illuminate\Routing\Pipeline->Illuminate\Routing\{closure}(Object(Illuminate\Http\Request))
#33 [internal function]: Barryvdh\Debugbar\Middleware\Debugbar->handle(Object(Illuminate\Http\Request), Object(Closure))
#34 /srv/educationks/vendor/laravel/framework/src/Illuminate/Pipeline/Pipeline.php(124): call_user_func_array(Array, Array)
#35 [internal function]: Illuminate\Pipeline\Pipeline->Illuminate\Pipeline\{closure}(Object(Illuminate\Http\Request))
#36 /srv/educationks/vendor/laravel/framework/src/Illuminate/Routing/Pipeline.php(32): call_user_func(Object(Closure), Object(Illuminate\Http\Request))
#37 /srv/educationks/vendor/laravel/framework/src/Illuminate/Foundation/Http/Middleware/VerifyCsrfToken.php(64): Illuminate\Routing\Pipeline->Illuminate\Routing\{closure}(Object(Illuminate\Http\Request))
#38 [internal function]: Illuminate\Foundation\Http\Middleware\VerifyCsrfToken->handle(Object(Illuminate\Http\Request), Object(Closure))
#39 /srv/educationks/vendor/laravel/framework/src/Illuminate/Pipeline/Pipeline.php(124): call_user_func_array(Array, Array)
#40 [internal function]: Illuminate\Pipeline\Pipeline->Illuminate\Pipeline\{closure}(Object(Illuminate\Http\Request))
#41 /srv/educationks/vendor/laravel/framework/src/Illuminate/Routing/Pipeline.php(32): call_user_func(Object(Closure), Object(Illuminate\Http\Request))
#42 /srv/educationks/vendor/laravel/framework/src/Illuminate/View/Middleware/ShareErrorsFromSession.php(49): Illuminate\Routing\Pipeline->Illuminate\Routing\{closure}(Object(Illuminate\Http\Request))
#43 [internal function]: Illuminate\View\Middleware\ShareErrorsFromSession->handle(Object(Illuminate\Http\Request), Object(Closure))
#44 /srv/educationks/vendor/laravel/framework/src/Illuminate/Pipeline/Pipeline.php(124): call_user_func_array(Array, Array)
#45 [internal function]: Illuminate\Pipeline\Pipeline->Illuminate\Pipeline\{closure}(Object(Illuminate\Http\Request))
#46 /srv/educationks/vendor/laravel/framework/src/Illuminate/Routing/Pipeline.php(32): call_user_func(Object(Closure), Object(Illuminate\Http\Request))
#47 /srv/educationks/vendor/laravel/framework/src/Illuminate/Session/Middleware/StartSession.php(62): Illuminate\Routing\Pipeline->Illuminate\Routing\{closure}(Object(Illuminate\Http\Request))
#48 [internal function]: Illuminate\Session\Middleware\StartSession->handle(Object(Illuminate\Http\Request), Object(Closure))
#49 /srv/educationks/vendor/laravel/framework/src/Illuminate/Pipeline/Pipeline.php(124): call_user_func_array(Array, Array)
#50 [internal function]: Illuminate\Pipeline\Pipeline->Illuminate\Pipeline\{closure}(Object(Illuminate\Http\Request))
#51 /srv/educationks/vendor/laravel/framework/src/Illuminate/Routing/Pipeline.php(32): call_user_func(Object(Closure), Object(Illuminate\Http\Request))
#52 /srv/educationks/vendor/laravel/framework/src/Illuminate/Cookie/Middleware/AddQueuedCookiesToResponse.php(37): Illuminate\Routing\Pipeline->Illuminate\Routing\{closure}(Object(Illuminate\Http\Request))
#53 [internal function]: Illuminate\Cookie\Middleware\AddQueuedCookiesToResponse->handle(Object(Illuminate\Http\Request), Object(Closure))
#54 /srv/educationks/vendor/laravel/framework/src/Illuminate/Pipeline/Pipeline.php(124): call_user_func_array(Array, Array)
#55 [internal function]: Illuminate\Pipeline\Pipeline->Illuminate\Pipeline\{closure}(Object(Illuminate\Http\Request))
#56 /srv/educationks/vendor/laravel/framework/src/Illuminate/Routing/Pipeline.php(32): call_user_func(Object(Closure), Object(Illuminate\Http\Request))
#57 /srv/educationks/vendor/laravel/framework/src/Illuminate/Cookie/Middleware/EncryptCookies.php(59): Illuminate\Routing\Pipeline->Illuminate\Routing\{closure}(Object(Illuminate\Http\Request))
#58 [internal function]: Illuminate\Cookie\Middleware\EncryptCookies->handle(Object(Illuminate\Http\Request), Object(Closure))
#59 /srv/educationks/vendor/laravel/framework/src/Illuminate/Pipeline/Pipeline.php(124): call_user_func_array(Array, Array)
#60 [internal function]: Illuminate\Pipeline\Pipeline->Illuminate\Pipeline\{closure}(Object(Illuminate\Http\Request))
#61 /srv/educationks/vendor/laravel/framework/src/Illuminate/Routing/Pipeline.php(32): call_user_func(Object(Closure), Object(Illuminate\Http\Request))
#62 /srv/educationks/vendor/laravel/framework/src/Illuminate/Foundation/Http/Middleware/CheckForMaintenanceMode.php(44): Illuminate\Routing\Pipeline->Illuminate\Routing\{closure}(Object(Illuminate\Http\Request))
#63 [internal function]: Illuminate\Foundation\Http\Middleware\CheckForMaintenanceMode->handle(Object(Illuminate\Http\Request), Object(Closure))
#64 /srv/educationks/vendor/laravel/framework/src/Illuminate/Pipeline/Pipeline.php(124): call_user_func_array(Array, Array)
#65 [internal function]: Illuminate\Pipeline\Pipeline->Illuminate\Pipeline\{closure}(Object(Illuminate\Http\Request))
#66 /srv/educationks/vendor/laravel/framework/src/Illuminate/Routing/Pipeline.php(32): call_user_func(Object(Closure), Object(Illuminate\Http\Request))
#67 [internal function]: Illuminate\Routing\Pipeline->Illuminate\Routing\{closure}(Object(Illuminate\Http\Request))
#68 /srv/educationks/vendor/laravel/framework/src/Illuminate/Pipeline/Pipeline.php(103): call_user_func(Object(Closure), Object(Illuminate\Http\Request))
#69 /srv/educationks/vendor/laravel/framework/src/Illuminate/Foundation/Http/Kernel.php(132): Illuminate\Pipeline\Pipeline->then(Object(Closure))
#70 /srv/educationks/vendor/laravel/framework/src/Illuminate/Foundation/Http/Kernel.php(99): Illuminate\Foundation\Http\Kernel->sendRequestThroughRouter(Object(Illuminate\Http\Request))
#71 /srv/http/index.php(54): Illuminate\Foundation\Http\Kernel->handle(Object(Illuminate\Http\Request))
#72 {main}  
[2016-03-25 23:42:48] development.ERROR: exception 'PDOException' with message 'SQLSTATE[42S02]: Base table or view not found: 1146 Table 'educationks.advertising' doesn't exist' in /srv/educationks/vendor/laravel/framework/src/Illuminate/Database/Connection.php:333
Stack trace:
#0 /srv/educationks/vendor/laravel/framework/src/Illuminate/Database/Connection.php(333): PDO->prepare('select * from `...')
#1 /srv/educationks/vendor/laravel/framework/src/Illuminate/Database/Connection.php(662): Illuminate\Database\Connection->Illuminate\Database\{closure}(Object(Illuminate\Database\MySqlConnection), 'select * from `...', Array)
#2 /srv/educationks/vendor/laravel/framework/src/Illuminate/Database/Connection.php(629): Illuminate\Database\Connection->runQueryCallback('select * from `...', Array, Object(Closure))
#3 /srv/educationks/vendor/laravel/framework/src/Illuminate/Database/Connection.php(342): Illuminate\Database\Connection->run('select * from `...', Array, Object(Closure))
#4 /srv/educationks/vendor/laravel/framework/src/Illuminate/Database/Query/Builder.php(1461): Illuminate\Database\Connection->select('select * from `...', Array, true)
#5 /srv/educationks/vendor/laravel/framework/src/Illuminate/Database/Query/Builder.php(1447): Illuminate\Database\Query\Builder->runSelect()
#6 /srv/educationks/vendor/laravel/framework/src/Illuminate/Database/Eloquent/Builder.php(503): Illuminate\Database\Query\Builder->get(Array)
#7 /srv/educationks/vendor/laravel/framework/src/Illuminate/Database/Eloquent/Builder.php(237): Illuminate\Database\Eloquent\Builder->getModels(Array)
#8 /srv/educationks/vendor/laravel/framework/src/Illuminate/Database/Eloquent/Model.php(692): Illuminate\Database\Eloquent\Builder->get(Array)
#9 /srv/educationks/app/Http/Controllers/HomeController.php(34): Illuminate\Database\Eloquent\Model::all()
#10 [internal function]: App\Http\Controllers\HomeController->__construct()
#11 /srv/educationks/vendor/laravel/framework/src/Illuminate/Container/Container.php(783): ReflectionClass->newInstanceArgs(Array)
#12 /srv/educationks/vendor/laravel/framework/src/Illuminate/Container/Container.php(633): Illuminate\Container\Container->build('App\\Http\\Contro...', Array)
#13 /srv/educationks/vendor/laravel/framework/src/Illuminate/Foundation/Application.php(674): Illuminate\Container\Container->make('App\\Http\\Contro...', Array)
#14 /srv/educationks/vendor/laravel/framework/src/Illuminate/Routing/ControllerDispatcher.php(67): Illuminate\Foundation\Application->make('App\\Http\\Contro...')
#15 /srv/educationks/vendor/laravel/framework/src/Illuminate/Routing/ControllerDispatcher.php(52): Illuminate\Routing\ControllerDispatcher->makeController('App\\Http\\Contro...')
#16 /srv/educationks/vendor/laravel/framework/src/Illuminate/Routing/Route.php(174): Illuminate\Routing\ControllerDispatcher->dispatch(Object(Illuminate\Routing\Route), Object(Illuminate\Http\Request), 'App\\Http\\Contro...', 'getIndex')
#17 /srv/educationks/vendor/laravel/framework/src/Illuminate/Routing/Route.php(140): Illuminate\Routing\Route->runController(Object(Illuminate\Http\Request))
#18 /srv/educationks/vendor/laravel/framework/src/Illuminate/Routing/Router.php(703): Illuminate\Routing\Route->run(Object(Illuminate\Http\Request))
#19 [internal function]: Illuminate\Routing\Router->Illuminate\Routing\{closure}(Object(Illuminate\Http\Request))
#20 /srv/educationks/vendor/laravel/framework/src/Illuminate/Routing/Pipeline.php(52): call_user_func(Object(Closure), Object(Illuminate\Http\Request))
#21 /srv/educationks/app/Http/Middleware/SetLanguage.php(25): Illuminate\Routing\Pipeline->Illuminate\Routing\{closure}(Object(Illuminate\Http\Request))
#22 [internal function]: App\Http\Middleware\SetLanguage->handle(Object(Illuminate\Http\Request), Object(Closure))
#23 /srv/educationks/vendor/laravel/framework/src/Illuminate/Pipeline/Pipeline.php(124): call_user_func_array(Array, Array)
#24 [internal function]: Illuminate\Pipeline\Pipeline->Illuminate\Pipeline\{closure}(Object(Illuminate\Http\Request))
#25 /srv/educationks/vendor/laravel/framework/src/Illuminate/Routing/Pipeline.php(32): call_user_func(Object(Closure), Object(Illuminate\Http\Request))
#26 [internal function]: Illuminate\Routing\Pipeline->Illuminate\Routing\{closure}(Object(Illuminate\Http\Request))
#27 /srv/educationks/vendor/laravel/framework/src/Illuminate/Pipeline/Pipeline.php(103): call_user_func(Object(Closure), Object(Illuminate\Http\Request))
#28 /srv/educationks/vendor/laravel/framework/src/Illuminate/Routing/Router.php(705): Illuminate\Pipeline\Pipeline->then(Object(Closure))
#29 /srv/educationks/vendor/laravel/framework/src/Illuminate/Routing/Router.php(678): Illuminate\Routing\Router->runRouteWithinStack(Object(Illuminate\Routing\Route), Object(Illuminate\Http\Request))
#30 /srv/educationks/vendor/laravel/framework/src/Illuminate/Routing/Router.php(654): Illuminate\Routing\Router->dispatchToRoute(Object(Illuminate\Http\Request))
#31 /srv/educationks/vendor/laravel/framework/src/Illuminate/Foundation/Http/Kernel.php(246): Illuminate\Routing\Router->dispatch(Object(Illuminate\Http\Request))
#32 [internal function]: Illuminate\Foundation\Http\Kernel->Illuminate\Foundation\Http\{closure}(Object(Illuminate\Http\Request))
#33 /srv/educationks/vendor/laravel/framework/src/Illuminate/Routing/Pipeline.php(52): call_user_func(Object(Closure), Object(Illuminate\Http\Request))
#34 /srv/educationks/vendor/barryvdh/laravel-debugbar/src/Middleware/Debugbar.php(49): Illuminate\Routing\Pipeline->Illuminate\Routing\{closure}(Object(Illuminate\Http\Request))
#35 [internal function]: Barryvdh\Debugbar\Middleware\Debugbar->handle(Object(Illuminate\Http\Request), Object(Closure))
#36 /srv/educationks/vendor/laravel/framework/src/Illuminate/Pipeline/Pipeline.php(124): call_user_func_array(Array, Array)
#37 [internal function]: Illuminate\Pipeline\Pipeline->Illuminate\Pipeline\{closure}(Object(Illuminate\Http\Request))
#38 /srv/educationks/vendor/laravel/framework/src/Illuminate/Routing/Pipeline.php(32): call_user_func(Object(Closure), Object(Illuminate\Http\Request))
#39 /srv/educationks/vendor/laravel/framework/src/Illuminate/Foundation/Http/Middleware/VerifyCsrfToken.php(64): Illuminate\Routing\Pipeline->Illuminate\Routing\{closure}(Object(Illuminate\Http\Request))
#40 [internal function]: Illuminate\Foundation\Http\Middleware\VerifyCsrfToken->handle(Object(Illuminate\Http\Request), Object(Closure))
#41 /srv/educationks/vendor/laravel/framework/src/Illuminate/Pipeline/Pipeline.php(124): call_user_func_array(Array, Array)
#42 [internal function]: Illuminate\Pipeline\Pipeline->Illuminate\Pipeline\{closure}(Object(Illuminate\Http\Request))
#43 /srv/educationks/vendor/laravel/framework/src/Illuminate/Routing/Pipeline.php(32): call_user_func(Object(Closure), Object(Illuminate\Http\Request))
#44 /srv/educationks/vendor/laravel/framework/src/Illuminate/View/Middleware/ShareErrorsFromSession.php(49): Illuminate\Routing\Pipeline->Illuminate\Routing\{closure}(Object(Illuminate\Http\Request))
#45 [internal function]: Illuminate\View\Middleware\ShareErrorsFromSession->handle(Object(Illuminate\Http\Request), Object(Closure))
#46 /srv/educationks/vendor/laravel/framework/src/Illuminate/Pipeline/Pipeline.php(124): call_user_func_array(Array, Array)
#47 [internal function]: Illuminate\Pipeline\Pipeline->Illuminate\Pipeline\{closure}(Object(Illuminate\Http\Request))
#48 /srv/educationks/vendor/laravel/framework/src/Illuminate/Routing/Pipeline.php(32): call_user_func(Object(Closure), Object(Illuminate\Http\Request))
#49 /srv/educationks/vendor/laravel/framework/src/Illuminate/Session/Middleware/StartSession.php(62): Illuminate\Routing\Pipeline->Illuminate\Routing\{closure}(Object(Illuminate\Http\Request))
#50 [internal function]: Illuminate\Session\Middleware\StartSession->handle(Object(Illuminate\Http\Request), Object(Closure))
#51 /srv/educationks/vendor/laravel/framework/src/Illuminate/Pipeline/Pipeline.php(124): call_user_func_array(Array, Array)
#52 [internal function]: Illuminate\Pipeline\Pipeline->Illuminate\Pipeline\{closure}(Object(Illuminate\Http\Request))
#53 /srv/educationks/vendor/laravel/framework/src/Illuminate/Routing/Pipeline.php(32): call_user_func(Object(Closure), Object(Illuminate\Http\Request))
#54 /srv/educationks/vendor/laravel/framework/src/Illuminate/Cookie/Middleware/AddQueuedCookiesToResponse.php(37): Illuminate\Routing\Pipeline->Illuminate\Routing\{closure}(Object(Illuminate\Http\Request))
#55 [internal function]: Illuminate\Cookie\Middleware\AddQueuedCookiesToResponse->handle(Object(Illuminate\Http\Request), Object(Closure))
#56 /srv/educationks/vendor/laravel/framework/src/Illuminate/Pipeline/Pipeline.php(124): call_user_func_array(Array, Array)
#57 [internal function]: Illuminate\Pipeline\Pipeline->Illuminate\Pipeline\{closure}(Object(Illuminate\Http\Request))
#58 /srv/educationks/vendor/laravel/framework/src/Illuminate/Routing/Pipeline.php(32): call_user_func(Object(Closure), Object(Illuminate\Http\Request))
#59 /srv/educationks/vendor/laravel/framework/src/Illuminate/Cookie/Middleware/EncryptCookies.php(59): Illuminate\Routing\Pipeline->Illuminate\Routing\{closure}(Object(Illuminate\Http\Request))
#60 [internal function]: Illuminate\Cookie\Middleware\EncryptCookies->handle(Object(Illuminate\Http\Request), Object(Closure))
#61 /srv/educationks/vendor/laravel/framework/src/Illuminate/Pipeline/Pipeline.php(124): call_user_func_array(Array, Array)
#62 [internal function]: Illuminate\Pipeline\Pipeline->Illuminate\Pipeline\{closure}(Object(Illuminate\Http\Request))
#63 /srv/educationks/vendor/laravel/framework/src/Illuminate/Routing/Pipeline.php(32): call_user_func(Object(Closure), Object(Illuminate\Http\Request))
#64 /srv/educationks/vendor/laravel/framework/src/Illuminate/Foundation/Http/Middleware/CheckForMaintenanceMode.php(44): Illuminate\Routing\Pipeline->Illuminate\Routing\{closure}(Object(Illuminate\Http\Request))
#65 [internal function]: Illuminate\Foundation\Http\Middleware\CheckForMaintenanceMode->handle(Object(Illuminate\Http\Request), Object(Closure))
#66 /srv/educationks/vendor/laravel/framework/src/Illuminate/Pipeline/Pipeline.php(124): call_user_func_array(Array, Array)
#67 [internal function]: Illuminate\Pipeline\Pipeline->Illuminate\Pipeline\{closure}(Object(Illuminate\Http\Request))
#68 /srv/educationks/vendor/laravel/framework/src/Illuminate/Routing/Pipeline.php(32): call_user_func(Object(Closure), Object(Illuminate\Http\Request))
#69 [internal function]: Illuminate\Routing\Pipeline->Illuminate\Routing\{closure}(Object(Illuminate\Http\Request))
#70 /srv/educationks/vendor/laravel/framework/src/Illuminate/Pipeline/Pipeline.php(103): call_user_func(Object(Closure), Object(Illuminate\Http\Request))
#71 /srv/educationks/vendor/laravel/framework/src/Illuminate/Foundation/Http/Kernel.php(132): Illuminate\Pipeline\Pipeline->then(Object(Closure))
#72 /srv/educationks/vendor/laravel/framework/src/Illuminate/Foundation/Http/Kernel.php(99): Illuminate\Foundation\Http\Kernel->sendRequestThroughRouter(Object(Illuminate\Http\Request))
#73 /srv/http/index.php(54): Illuminate\Foundation\Http\Kernel->handle(Object(Illuminate\Http\Request))
#74 {main}

Next exception 'Illuminate\Database\QueryException' with message 'SQLSTATE[42S02]: Base table or view not found: 1146 Table 'educationks.advertising' doesn't exist (SQL: select * from `advertising` where `advertising`.`deleted_at` is null)' in /srv/educationks/vendor/laravel/framework/src/Illuminate/Database/Connection.php:669
Stack trace:
#0 /srv/educationks/vendor/laravel/framework/src/Illuminate/Database/Connection.php(629): Illuminate\Database\Connection->runQueryCallback('select * from `...', Array, Object(Closure))
#1 /srv/educationks/vendor/laravel/framework/src/Illuminate/Database/Connection.php(342): Illuminate\Database\Connection->run('select * from `...', Array, Object(Closure))
#2 /srv/educationks/vendor/laravel/framework/src/Illuminate/Database/Query/Builder.php(1461): Illuminate\Database\Connection->select('select * from `...', Array, true)
#3 /srv/educationks/vendor/laravel/framework/src/Illuminate/Database/Query/Builder.php(1447): Illuminate\Database\Query\Builder->runSelect()
#4 /srv/educationks/vendor/laravel/framework/src/Illuminate/Database/Eloquent/Builder.php(503): Illuminate\Database\Query\Builder->get(Array)
#5 /srv/educationks/vendor/laravel/framework/src/Illuminate/Database/Eloquent/Builder.php(237): Illuminate\Database\Eloquent\Builder->getModels(Array)
#6 /srv/educationks/vendor/laravel/framework/src/Illuminate/Database/Eloquent/Model.php(692): Illuminate\Database\Eloquent\Builder->get(Array)
#7 /srv/educationks/app/Http/Controllers/HomeController.php(34): Illuminate\Database\Eloquent\Model::all()
#8 [internal function]: App\Http\Controllers\HomeController->__construct()
#9 /srv/educationks/vendor/laravel/framework/src/Illuminate/Container/Container.php(783): ReflectionClass->newInstanceArgs(Array)
#10 /srv/educationks/vendor/laravel/framework/src/Illuminate/Container/Container.php(633): Illuminate\Container\Container->build('App\\Http\\Contro...', Array)
#11 /srv/educationks/vendor/laravel/framework/src/Illuminate/Foundation/Application.php(674): Illuminate\Container\Container->make('App\\Http\\Contro...', Array)
#12 /srv/educationks/vendor/laravel/framework/src/Illuminate/Routing/ControllerDispatcher.php(67): Illuminate\Foundation\Application->make('App\\Http\\Contro...')
#13 /srv/educationks/vendor/laravel/framework/src/Illuminate/Routing/ControllerDispatcher.php(52): Illuminate\Routing\ControllerDispatcher->makeController('App\\Http\\Contro...')
#14 /srv/educationks/vendor/laravel/framework/src/Illuminate/Routing/Route.php(174): Illuminate\Routing\ControllerDispatcher->dispatch(Object(Illuminate\Routing\Route), Object(Illuminate\Http\Request), 'App\\Http\\Contro...', 'getIndex')
#15 /srv/educationks/vendor/laravel/framework/src/Illuminate/Routing/Route.php(140): Illuminate\Routing\Route->runController(Object(Illuminate\Http\Request))
#16 /srv/educationks/vendor/laravel/framework/src/Illuminate/Routing/Router.php(703): Illuminate\Routing\Route->run(Object(Illuminate\Http\Request))
#17 [internal function]: Illuminate\Routing\Router->Illuminate\Routing\{closure}(Object(Illuminate\Http\Request))
#18 /srv/educationks/vendor/laravel/framework/src/Illuminate/Routing/Pipeline.php(52): call_user_func(Object(Closure), Object(Illuminate\Http\Request))
#19 /srv/educationks/app/Http/Middleware/SetLanguage.php(25): Illuminate\Routing\Pipeline->Illuminate\Routing\{closure}(Object(Illuminate\Http\Request))
#20 [internal function]: App\Http\Middleware\SetLanguage->handle(Object(Illuminate\Http\Request), Object(Closure))
#21 /srv/educationks/vendor/laravel/framework/src/Illuminate/Pipeline/Pipeline.php(124): call_user_func_array(Array, Array)
#22 [internal function]: Illuminate\Pipeline\Pipeline->Illuminate\Pipeline\{closure}(Object(Illuminate\Http\Request))
#23 /srv/educationks/vendor/laravel/framework/src/Illuminate/Routing/Pipeline.php(32): call_user_func(Object(Closure), Object(Illuminate\Http\Request))
#24 [internal function]: Illuminate\Routing\Pipeline->Illuminate\Routing\{closure}(Object(Illuminate\Http\Request))
#25 /srv/educationks/vendor/laravel/framework/src/Illuminate/Pipeline/Pipeline.php(103): call_user_func(Object(Closure), Object(Illuminate\Http\Request))
#26 /srv/educationks/vendor/laravel/framework/src/Illuminate/Routing/Router.php(705): Illuminate\Pipeline\Pipeline->then(Object(Closure))
#27 /srv/educationks/vendor/laravel/framework/src/Illuminate/Routing/Router.php(678): Illuminate\Routing\Router->runRouteWithinStack(Object(Illuminate\Routing\Route), Object(Illuminate\Http\Request))
#28 /srv/educationks/vendor/laravel/framework/src/Illuminate/Routing/Router.php(654): Illuminate\Routing\Router->dispatchToRoute(Object(Illuminate\Http\Request))
#29 /srv/educationks/vendor/laravel/framework/src/Illuminate/Foundation/Http/Kernel.php(246): Illuminate\Routing\Router->dispatch(Object(Illuminate\Http\Request))
#30 [internal function]: Illuminate\Foundation\Http\Kernel->Illuminate\Foundation\Http\{closure}(Object(Illuminate\Http\Request))
#31 /srv/educationks/vendor/laravel/framework/src/Illuminate/Routing/Pipeline.php(52): call_user_func(Object(Closure), Object(Illuminate\Http\Request))
#32 /srv/educationks/vendor/barryvdh/laravel-debugbar/src/Middleware/Debugbar.php(49): Illuminate\Routing\Pipeline->Illuminate\Routing\{closure}(Object(Illuminate\Http\Request))
#33 [internal function]: Barryvdh\Debugbar\Middleware\Debugbar->handle(Object(Illuminate\Http\Request), Object(Closure))
#34 /srv/educationks/vendor/laravel/framework/src/Illuminate/Pipeline/Pipeline.php(124): call_user_func_array(Array, Array)
#35 [internal function]: Illuminate\Pipeline\Pipeline->Illuminate\Pipeline\{closure}(Object(Illuminate\Http\Request))
#36 /srv/educationks/vendor/laravel/framework/src/Illuminate/Routing/Pipeline.php(32): call_user_func(Object(Closure), Object(Illuminate\Http\Request))
#37 /srv/educationks/vendor/laravel/framework/src/Illuminate/Foundation/Http/Middleware/VerifyCsrfToken.php(64): Illuminate\Routing\Pipeline->Illuminate\Routing\{closure}(Object(Illuminate\Http\Request))
#38 [internal function]: Illuminate\Foundation\Http\Middleware\VerifyCsrfToken->handle(Object(Illuminate\Http\Request), Object(Closure))
#39 /srv/educationks/vendor/laravel/framework/src/Illuminate/Pipeline/Pipeline.php(124): call_user_func_array(Array, Array)
#40 [internal function]: Illuminate\Pipeline\Pipeline->Illuminate\Pipeline\{closure}(Object(Illuminate\Http\Request))
#41 /srv/educationks/vendor/laravel/framework/src/Illuminate/Routing/Pipeline.php(32): call_user_func(Object(Closure), Object(Illuminate\Http\Request))
#42 /srv/educationks/vendor/laravel/framework/src/Illuminate/View/Middleware/ShareErrorsFromSession.php(49): Illuminate\Routing\Pipeline->Illuminate\Routing\{closure}(Object(Illuminate\Http\Request))
#43 [internal function]: Illuminate\View\Middleware\ShareErrorsFromSession->handle(Object(Illuminate\Http\Request), Object(Closure))
#44 /srv/educationks/vendor/laravel/framework/src/Illuminate/Pipeline/Pipeline.php(124): call_user_func_array(Array, Array)
#45 [internal function]: Illuminate\Pipeline\Pipeline->Illuminate\Pipeline\{closure}(Object(Illuminate\Http\Request))
#46 /srv/educationks/vendor/laravel/framework/src/Illuminate/Routing/Pipeline.php(32): call_user_func(Object(Closure), Object(Illuminate\Http\Request))
#47 /srv/educationks/vendor/laravel/framework/src/Illuminate/Session/Middleware/StartSession.php(62): Illuminate\Routing\Pipeline->Illuminate\Routing\{closure}(Object(Illuminate\Http\Request))
#48 [internal function]: Illuminate\Session\Middleware\StartSession->handle(Object(Illuminate\Http\Request), Object(Closure))
#49 /srv/educationks/vendor/laravel/framework/src/Illuminate/Pipeline/Pipeline.php(124): call_user_func_array(Array, Array)
#50 [internal function]: Illuminate\Pipeline\Pipeline->Illuminate\Pipeline\{closure}(Object(Illuminate\Http\Request))
#51 /srv/educationks/vendor/laravel/framework/src/Illuminate/Routing/Pipeline.php(32): call_user_func(Object(Closure), Object(Illuminate\Http\Request))
#52 /srv/educationks/vendor/laravel/framework/src/Illuminate/Cookie/Middleware/AddQueuedCookiesToResponse.php(37): Illuminate\Routing\Pipeline->Illuminate\Routing\{closure}(Object(Illuminate\Http\Request))
#53 [internal function]: Illuminate\Cookie\Middleware\AddQueuedCookiesToResponse->handle(Object(Illuminate\Http\Request), Object(Closure))
#54 /srv/educationks/vendor/laravel/framework/src/Illuminate/Pipeline/Pipeline.php(124): call_user_func_array(Array, Array)
#55 [internal function]: Illuminate\Pipeline\Pipeline->Illuminate\Pipeline\{closure}(Object(Illuminate\Http\Request))
#56 /srv/educationks/vendor/laravel/framework/src/Illuminate/Routing/Pipeline.php(32): call_user_func(Object(Closure), Object(Illuminate\Http\Request))
#57 /srv/educationks/vendor/laravel/framework/src/Illuminate/Cookie/Middleware/EncryptCookies.php(59): Illuminate\Routing\Pipeline->Illuminate\Routing\{closure}(Object(Illuminate\Http\Request))
#58 [internal function]: Illuminate\Cookie\Middleware\EncryptCookies->handle(Object(Illuminate\Http\Request), Object(Closure))
#59 /srv/educationks/vendor/laravel/framework/src/Illuminate/Pipeline/Pipeline.php(124): call_user_func_array(Array, Array)
#60 [internal function]: Illuminate\Pipeline\Pipeline->Illuminate\Pipeline\{closure}(Object(Illuminate\Http\Request))
#61 /srv/educationks/vendor/laravel/framework/src/Illuminate/Routing/Pipeline.php(32): call_user_func(Object(Closure), Object(Illuminate\Http\Request))
#62 /srv/educationks/vendor/laravel/framework/src/Illuminate/Foundation/Http/Middleware/CheckForMaintenanceMode.php(44): Illuminate\Routing\Pipeline->Illuminate\Routing\{closure}(Object(Illuminate\Http\Request))
#63 [internal function]: Illuminate\Foundation\Http\Middleware\CheckForMaintenanceMode->handle(Object(Illuminate\Http\Request), Object(Closure))
#64 /srv/educationks/vendor/laravel/framework/src/Illuminate/Pipeline/Pipeline.php(124): call_user_func_array(Array, Array)
#65 [internal function]: Illuminate\Pipeline\Pipeline->Illuminate\Pipeline\{closure}(Object(Illuminate\Http\Request))
#66 /srv/educationks/vendor/laravel/framework/src/Illuminate/Routing/Pipeline.php(32): call_user_func(Object(Closure), Object(Illuminate\Http\Request))
#67 [internal function]: Illuminate\Routing\Pipeline->Illuminate\Routing\{closure}(Object(Illuminate\Http\Request))
#68 /srv/educationks/vendor/laravel/framework/src/Illuminate/Pipeline/Pipeline.php(103): call_user_func(Object(Closure), Object(Illuminate\Http\Request))
#69 /srv/educationks/vendor/laravel/framework/src/Illuminate/Foundation/Http/Kernel.php(132): Illuminate\Pipeline\Pipeline->then(Object(Closure))
#70 /srv/educationks/vendor/laravel/framework/src/Illuminate/Foundation/Http/Kernel.php(99): Illuminate\Foundation\Http\Kernel->sendRequestThroughRouter(Object(Illuminate\Http\Request))
#71 /srv/http/index.php(54): Illuminate\Foundation\Http\Kernel->handle(Object(Illuminate\Http\Request))
#72 {main}  
[2016-03-25 23:48:12] development.ERROR: exception 'ErrorException' with message 'is_file(): open_basedir restriction in effect. File(/usr/bin/php56) is not within the allowed path(s): (/srv/:/home/:/tmp/:/usr/share/php56/pear/:/usr/share/webapps/)' in /srv/educationks/vendor/symfony/process/PhpExecutableFinder.php:47
Stack trace:
#0 [internal function]: Illuminate\Foundation\Bootstrap\HandleExceptions->handleError(2, 'is_file(): open...', '/srv/educationk...', 47, Array)
#1 /srv/educationks/vendor/symfony/process/PhpExecutableFinder.php(47): is_file('/usr/bin/php56')
#2 /srv/educationks/vendor/laravel/framework/src/Illuminate/Console/Scheduling/Schedule.php(40): Symfony\Component\Process\PhpExecutableFinder->find(false)
#3 /srv/educationks/app/Console/Kernel.php(27): Illuminate\Console\Scheduling\Schedule->command('inspire')
#4 /srv/educationks/vendor/laravel/framework/src/Illuminate/Foundation/Console/Kernel.php(92): App\Console\Kernel->schedule(Object(Illuminate\Console\Scheduling\Schedule))
#5 /srv/educationks/vendor/laravel/framework/src/Illuminate/Foundation/Console/Kernel.php(77): Illuminate\Foundation\Console\Kernel->defineConsoleSchedule()
#6 [internal function]: Illuminate\Foundation\Console\Kernel->Illuminate\Foundation\Console\{closure}(Object(Illuminate\Foundation\Application))
#7 /srv/educationks/vendor/laravel/framework/src/Illuminate/Foundation/Application.php(773): call_user_func(Object(Closure), Object(Illuminate\Foundation\Application))
#8 /srv/educationks/vendor/laravel/framework/src/Illuminate/Foundation/Application.php(722): Illuminate\Foundation\Application->fireAppCallbacks(Array)
#9 /srv/educationks/vendor/laravel/framework/src/Illuminate/Foundation/Bootstrap/BootProviders.php(17): Illuminate\Foundation\Application->boot()
#10 /srv/educationks/vendor/laravel/framework/src/Illuminate/Foundation/Application.php(203): Illuminate\Foundation\Bootstrap\BootProviders->bootstrap(Object(Illuminate\Foundation\Application))
#11 /srv/educationks/vendor/laravel/framework/src/Illuminate/Foundation/Console/Kernel.php(208): Illuminate\Foundation\Application->bootstrapWith(Array)
#12 /srv/educationks/vendor/laravel/framework/src/Illuminate/Foundation/Console/Kernel.php(105): Illuminate\Foundation\Console\Kernel->bootstrap()
#13 /srv/educationks/artisan(36): Illuminate\Foundation\Console\Kernel->handle(Object(Symfony\Component\Console\Input\ArgvInput), Object(Symfony\Component\Console\Output\ConsoleOutput))
#14 {main}  
[2016-03-25 23:48:56] development.ERROR: exception 'Symfony\Component\Debug\Exception\FatalErrorException' with message 'Class 'LogSys' not found' in /srv/educationks/vendor/laravel/framework/src/Illuminate/Database/Migrations/Migrator.php:336
Stack trace:
#0 {main}  
